c:\users\administrator\desktop\수업내용\dx\direct2dframework-main\direct2dframework-main\d2d\driect2dframework\driect2dfreamework\x64\debug\vc143.pdb
c:\users\administrator\desktop\수업내용\dx\direct2dframework-main\direct2dframework-main\d2d\driect2dframework\driect2dfreamework\x64\debug\vc143.idb
c:\users\administrator\desktop\수업내용\dx\direct2dframework-main\direct2dframework-main\d2d\driect2dframework\driect2dfreamework\x64\debug\stdafx.obj
c:\users\administrator\desktop\수업내용\dx\direct2dframework-main\direct2dframework-main\d2d\driect2dframework\driect2dfreamework\x64\debug\movesamplescene.obj
c:\users\administrator\desktop\수업내용\dx\direct2dframework-main\direct2dframework-main\d2d\driect2dframework\driect2dfreamework\x64\debug\testscene.obj
c:\users\administrator\desktop\수업내용\dx\direct2dframework-main\direct2dframework-main\d2d\driect2dframework\driect2dfreamework\x64\debug\vector2.obj
c:\users\administrator\desktop\수업내용\dx\direct2dframework-main\direct2dframework-main\d2d\driect2dframework\driect2dfreamework\x64\debug\singletonrendertarget.obj
c:\users\administrator\desktop\수업내용\dx\direct2dframework-main\direct2dframework-main\d2d\driect2dframework\driect2dfreamework\x64\debug\colorbrush.obj
c:\users\administrator\desktop\수업내용\dx\direct2dframework-main\direct2dframework-main\d2d\driect2dframework\driect2dfreamework\x64\debug\main.obj
c:\users\administrator\desktop\수업내용\dx\direct2dframework-main\direct2dframework-main\d2d\driect2dframework\driect2dfreamework\x64\debug\matrix3x3.obj
c:\users\administrator\desktop\수업내용\dx\direct2dframework-main\direct2dframework-main\d2d\driect2dframework\driect2dfreamework\x64\debug\matrix3.obj
c:\users\administrator\desktop\수업내용\dx\direct2dframework-main\direct2dframework-main\d2d\driect2dframework\driect2dfreamework\x64\debug\inputmanager.obj
c:\users\administrator\desktop\수업내용\dx\direct2dframework-main\direct2dframework-main\d2d\driect2dframework\driect2dfreamework\x64\debug\image.obj
c:\users\administrator\desktop\수업내용\dx\direct2dframework-main\direct2dframework-main\d2d\driect2dframework\driect2dfreamework\x64\debug\gameobject.obj
c:\users\administrator\desktop\수업내용\dx\direct2dframework-main\direct2dframework-main\d2d\driect2dframework\driect2dfreamework\x64\debug\driect2dframework.obj
c:\users\administrator\desktop\수업내용\dx\direct2dframework-main\direct2dframework-main\d2d\driect2dframework\driect2dfreamework\x64\debug\debughelper.obj
c:\users\administrator\desktop\수업내용\dx\direct2dframework-main\direct2dframework-main\d2d\driect2dframework\driect2dfreamework\x64\debug\colorbrushpalettet.obj
c:\users\administrator\desktop\수업내용\dx\direct2dframework-main\direct2dframework-main\d2d\driect2dframework\driect2dfreamework\x64\debug\collisioncheck.obj
c:\users\administrator\desktop\수업내용\dx\direct2dframework-main\direct2dframework-main\d2d\driect2dframework\driect2dfreamework\x64\debug\colliders.obj
c:\users\administrator\desktop\수업내용\dx\direct2dframework-main\direct2dframework-main\d2d\driect2dframework\driect2dfreamework\x64\debug\collisiontestscene.obj
c:\users\administrator\desktop\수업내용\dx\direct2dframework-main\direct2dframework-main\d2d\driect2dframework\driect2dfreamework\x64\debug\background.obj
c:\users\administrator\desktop\수업내용\dx\direct2dframework-main\direct2dframework-main\d2d\driect2dframework\driect2dfreamework\x64\debug\bullet.obj
c:\users\administrator\desktop\수업내용\dx\direct2dframework-main\direct2dframework-main\d2d\driect2dframework\x64\debug\driect2dfreamework.exe
c:\users\administrator\desktop\수업내용\dx\direct2dframework-main\direct2dframework-main\d2d\driect2dframework\driect2dfreamework\x64\debug\driect2dfreamework.ilk
c:\users\administrator\desktop\수업내용\dx\direct2dframework-main\direct2dframework-main\d2d\driect2dframework\x64\debug\driect2dfreamework.pdb
c:\users\administrator\desktop\수업내용\dx\direct2dframework-main\direct2dframework-main\d2d\driect2dframework\driect2dfreamework\x64\debug\direct2d.res
c:\users\administrator\desktop\수업내용\dx\direct2dframework-main\direct2dframework-main\d2d\driect2dframework\driect2dfreamework\x64\debug\movesamplescene.obj.enc
c:\users\administrator\desktop\수업내용\dx\direct2dframework-main\direct2dframework-main\d2d\driect2dframework\driect2dfreamework\x64\debug\driect2d.819971f2.tlog\cl.command.1.tlog
c:\users\administrator\desktop\수업내용\dx\direct2dframework-main\direct2dframework-main\d2d\driect2dframework\driect2dfreamework\x64\debug\driect2d.819971f2.tlog\cl.read.1.tlog
c:\users\administrator\desktop\수업내용\dx\direct2dframework-main\direct2dframework-main\d2d\driect2dframework\driect2dfreamework\x64\debug\driect2d.819971f2.tlog\cl.write.1.tlog
c:\users\administrator\desktop\수업내용\dx\direct2dframework-main\direct2dframework-main\d2d\driect2dframework\driect2dfreamework\x64\debug\driect2d.819971f2.tlog\link.command.1.tlog
c:\users\administrator\desktop\수업내용\dx\direct2dframework-main\direct2dframework-main\d2d\driect2dframework\driect2dfreamework\x64\debug\driect2d.819971f2.tlog\link.read.1.tlog
c:\users\administrator\desktop\수업내용\dx\direct2dframework-main\direct2dframework-main\d2d\driect2dframework\driect2dfreamework\x64\debug\driect2d.819971f2.tlog\link.write.1.tlog
c:\users\administrator\desktop\수업내용\dx\direct2dframework-main\direct2dframework-main\d2d\driect2dframework\driect2dfreamework\x64\debug\driect2d.819971f2.tlog\rc.command.1.tlog
c:\users\administrator\desktop\수업내용\dx\direct2dframework-main\direct2dframework-main\d2d\driect2dframework\driect2dfreamework\x64\debug\driect2d.819971f2.tlog\rc.read.1.tlog
c:\users\administrator\desktop\수업내용\dx\direct2dframework-main\direct2dframework-main\d2d\driect2dframework\driect2dfreamework\x64\debug\driect2d.819971f2.tlog\rc.write.1.tlog
